  ChatState.cpp
  ChatManager.cpp
C:\Users\PC-09\Desktop\Project_Sever\IOCP_Class\ChatManager.cpp(24,23): warning C4267: '초기화 중': 'size_t'에서 'int'(으)로 변환하면서 데이터가 손실될 수 있습니다.
  ClientManager.cpp
  ClientSection.cpp
  CProtocol.cpp
  Crypt.cpp
  Error.cpp
  InitState.cpp
C:\Users\PC-09\Desktop\Project_Sever\IOCP_Class\InitState.cpp(27,1): warning C4010: 한 줄로 된 주석에 줄 연속 문자가 있습니다.
C:\Users\PC-09\Desktop\Project_Sever\IOCP_Class\InitState.cpp(28,1): warning C4010: 한 줄로 된 주석에 줄 연속 문자가 있습니다.
  IOCPManager.cpp
  ListenSocket.cpp
  Lobby.cpp
C:\Users\PC-09\Desktop\Project_Sever\IOCP_Class\Lobby.cpp(44,29): warning C4267: 'return': 'size_t'에서 'int'(으)로 변환하면서 데이터가 손실될 수 있습니다.
  Lobby_Manager.cpp
C:\Users\PC-09\Desktop\Project_Sever\IOCP_Class\Lobby_Manager.cpp(14,23): warning C4267: '초기화 중': 'size_t'에서 'int'(으)로 변환하면서 데이터가 손실될 수 있습니다.
C:\Users\PC-09\Desktop\Project_Sever\IOCP_Class\Lobby_Manager.cpp(75,12): warning C4477: 'printf' : 서식 문자열 '%d'에 'int' 형식의 인수가 필요하지만 variadic 인수 1의 형식이 'unsigned __int64'입니다.
C:\Users\PC-09\Desktop\Project_Sever\IOCP_Class\Lobby_Manager.cpp(75,12): message : 서식 문자열에서 '%zd'을(를) 사용하는 것이 좋습니다.
  Lobby_State.cpp
  LoginManager.cpp
C:\Users\PC-09\Desktop\Project_Sever\IOCP_Class\LoginManager.cpp(79,85): warning C4267: '인수': 'size_t'에서 'int'(으)로 변환하면서 데이터가 손실될 수 있습니다.
C:\Users\PC-09\Desktop\Project_Sever\IOCP_Class\LoginManager.cpp(60,6): warning C4101: 'result' :참조되지 않은 지역 변수입니다.
C:\Users\PC-09\Desktop\Project_Sever\IOCP_Class\LoginManager.cpp(115,6): warning C4101: 'result' :참조되지 않은 지역 변수입니다.
C:\Users\PC-09\Desktop\Project_Sever\IOCP_Class\LoginManager.cpp(184,23): warning C4267: '초기화 중': 'size_t'에서 'int'(으)로 변환하면서 데이터가 손실될 수 있습니다.
C:\Users\PC-09\Desktop\Project_Sever\IOCP_Class\LoginManager.cpp(205,23): warning C4267: '초기화 중': 'size_t'에서 'int'(으)로 변환하면서 데이터가 손실될 수 있습니다.
  LoginState.cpp
  Main.cpp
  Packing.cpp
C:\Users\PC-09\Desktop\Project_Sever\IOCP_Class\Packing.cpp(72,10): warning C4477: 'printf' : 서식 문자열 '%d'에 'int' 형식의 인수가 필요하지만 variadic 인수 1의 형식이 'unsigned __int64'입니다.
C:\Users\PC-09\Desktop\Project_Sever\IOCP_Class\Packing.cpp(72,10): message : 서식 문자열에서 '%zd'을(를) 사용하는 것이 좋습니다.
  Player.cpp
C:\Users\PC-09\Desktop\Project_Sever\IOCP_Class\Player.cpp(18,17): warning C4244: '초기화 중': 'double'에서 'float'(으)로 변환하면서 데이터가 손실될 수 있습니다.
  Player_Manager.cpp
C:\Users\PC-09\Desktop\Project_Sever\IOCP_Class\Player_Manager.cpp(172,57): warning C4267: '인수': 'size_t'에서 'int'(으)로 변환하면서 데이터가 손실될 수 있습니다.
  Player_State.cpp
  코드를 생성하고 있습니다...
C:\Users\PC-09\Desktop\Project_Sever\IOCP_Class\Player_Manager.cpp(276): warning C4715: 'Player_Manager::Player_Movement': 모든 제어 경로에서 값을 반환하지는 않습니다.
C:\Users\PC-09\Desktop\Project_Sever\IOCP_Class\IOCPManager.cpp(29): warning C4715: 'CIOCPManager::BeginIOCP': 모든 제어 경로에서 값을 반환하지는 않습니다.
C:\Users\PC-09\Desktop\Project_Sever\IOCP_Class\ChatManager.cpp(98): warning C4715: 'ChatManager::Recv_Message': 모든 제어 경로에서 값을 반환하지는 않습니다.
  컴파일하고 있습니다...
  Sector.cpp
  SectorManager.cpp
  ServerManager.cpp
  TCPSocket.cpp
  Vector3D.cpp
C:\Users\PC-09\Desktop\Project_Sever\IOCP_Class\Vector3D.cpp(110,16): warning C4244: 'return': 'double'에서 'float'(으)로 변환하면서 데이터가 손실될 수 있습니다.
  코드를 생성하고 있습니다...
  MySQLDataBaseManager.cpp
  IOCP_Class.vcxproj -> C:\Users\PC-09\Desktop\Project_Sever\x64\Debug\IOCP_Class.exe
